<?xml version="1.0" encoding="UTF-8"?>
<!-- Generated by org.testng.reporters.JUnitXMLReporter -->
<testsuite ignored="2" hostname="Vivek" failures="0" tests="3" name="Surefire test" time="43.085" errors="0" timestamp="2023-06-28T17:43:00 IST">
  <testcase classname="Test.LoginAdminTest" name="loginAsAdminTest" time="5.414"/>
  <testcase classname="Test.Test1" name="test" time="2.588"/>
  <testcase classname="UserTestScripts.UserRegistrationTest" name="userRegistrationTest" time="3.478"/>
  <testcase classname="com.generic.utilities.BaseClassUser" name="@BeforeSuite BSConfig" time="0.0">
    <ignored/>
  </testcase> <!-- @BeforeSuite BSConfig -->
  <testcase classname="com.generic.utilities.BaseClassUser" name="@AfterSuite ASConfig" time="0.0">
    <ignored/>
  </testcase> <!-- @AfterSuite ASConfig -->
</testsuite> <!-- Surefire test -->
