<?xml version="1.0" encoding="UTF-8"?>
<testng-results ignored="2" total="5" passed="3" failed="0" skipped="0">
  <reporter-output>
  </reporter-output>
  <suite started-at="2023-06-28T17:42:17 IST" name="Surefire suite" finished-at="2023-06-28T17:43:00 IST" duration-ms="43085">
    <groups>
    </groups>
    <test started-at="2023-06-28T17:42:17 IST" name="Surefire test" finished-at="2023-06-28T17:43:00 IST" duration-ms="43085">
      <class name="Test.Test1">
        <test-method is-config="true" signature="BSConfig()[pri:0, instance:Test.Test1@7f552bd3]" started-at="2023-06-28T17:42:17 IST" name="BSConfig" finished-at="2023-06-28T17:42:17 IST" duration-ms="0" status="PASS">
          <reporter-output>
          </reporter-output>
        </test-method> <!-- BSConfig -->
        <test-method is-config="true" signature="BCConfig()[pri:0, instance:Test.Test1@7f552bd3]" started-at="2023-06-28T17:42:36 IST" name="BCConfig" finished-at="2023-06-28T17:42:43 IST" duration-ms="7430" status="PASS">
          <reporter-output>
          </reporter-output>
        </test-method> <!-- BCConfig -->
        <test-method is-config="true" signature="BMConfig()[pri:0, instance:Test.Test1@7f552bd3]" started-at="2023-06-28T17:42:43 IST" name="BMConfig" finished-at="2023-06-28T17:42:43 IST" duration-ms="1" status="PASS">
          <reporter-output>
          </reporter-output>
        </test-method> <!-- BMConfig -->
        <test-method signature="test()[pri:0, instance:Test.Test1@7f552bd3]" started-at="2023-06-28T17:42:43 IST" name="test" finished-at="2023-06-28T17:42:46 IST" duration-ms="2588" status="PASS">
          <reporter-output>
          </reporter-output>
        </test-method> <!-- test -->
        <test-method is-config="true" signature="AMConfig()[pri:0, instance:Test.Test1@7f552bd3]" started-at="2023-06-28T17:42:46 IST" name="AMConfig" finished-at="2023-06-28T17:42:46 IST" duration-ms="0" status="PASS">
          <reporter-output>
          </reporter-output>
        </test-method> <!-- AMConfig -->
        <test-method is-config="true" signature="ACConfig()[pri:0, instance:Test.Test1@7f552bd3]" started-at="2023-06-28T17:42:46 IST" name="ACConfig" finished-at="2023-06-28T17:42:47 IST" duration-ms="1295" status="PASS">
          <reporter-output>
          </reporter-output>
        </test-method> <!-- ACConfig -->
        <test-method is-config="true" signature="ASConfig()[pri:0, instance:Test.Test1@7f552bd3]" started-at="2023-06-28T17:43:00 IST" name="ASConfig" finished-at="2023-06-28T17:43:00 IST" duration-ms="0" status="PASS">
          <reporter-output>
          </reporter-output>
        </test-method> <!-- ASConfig -->
      </class> <!-- Test.Test1 -->
      <class name="Test.LoginAdminTest">
        <test-method is-config="true" signature="BSConfig()[pri:0, instance:Test.LoginAdminTest@65466a6a]" started-at="2023-06-28T17:42:17 IST" name="BSConfig" finished-at="2023-06-28T17:42:17 IST" duration-ms="9" status="PASS">
          <reporter-output>
          </reporter-output>
        </test-method> <!-- BSConfig -->
        <test-method is-config="true" signature="BCConfig()[pri:0, instance:Test.LoginAdminTest@65466a6a]" started-at="2023-06-28T17:42:17 IST" name="BCConfig" finished-at="2023-06-28T17:42:29 IST" duration-ms="12061" status="PASS">
          <reporter-output>
          </reporter-output>
        </test-method> <!-- BCConfig -->
        <test-method is-config="true" signature="BMConfig()[pri:0, instance:Test.LoginAdminTest@65466a6a]" started-at="2023-06-28T17:42:29 IST" name="BMConfig" finished-at="2023-06-28T17:42:29 IST" duration-ms="1" status="PASS">
          <reporter-output>
          </reporter-output>
        </test-method> <!-- BMConfig -->
        <test-method signature="loginAsAdminTest()[pri:0, instance:Test.LoginAdminTest@65466a6a]" started-at="2023-06-28T17:42:29 IST" name="loginAsAdminTest" finished-at="2023-06-28T17:42:34 IST" duration-ms="5414" status="PASS">
          <reporter-output>
          </reporter-output>
        </test-method> <!-- loginAsAdminTest -->
        <test-method is-config="true" signature="AMConfig()[pri:0, instance:Test.LoginAdminTest@65466a6a]" started-at="2023-06-28T17:42:34 IST" name="AMConfig" finished-at="2023-06-28T17:42:34 IST" duration-ms="1" status="PASS">
          <reporter-output>
          </reporter-output>
        </test-method> <!-- AMConfig -->
        <test-method is-config="true" signature="ACConfig()[pri:0, instance:Test.LoginAdminTest@65466a6a]" started-at="2023-06-28T17:42:34 IST" name="ACConfig" finished-at="2023-06-28T17:42:36 IST" duration-ms="1367" status="PASS">
          <reporter-output>
          </reporter-output>
        </test-method> <!-- ACConfig -->
        <test-method is-config="true" signature="ASConfig()[pri:0, instance:Test.LoginAdminTest@65466a6a]" started-at="2023-06-28T17:43:00 IST" name="ASConfig" finished-at="2023-06-28T17:43:00 IST" duration-ms="2" status="PASS">
          <reporter-output>
          </reporter-output>
        </test-method> <!-- ASConfig -->
      </class> <!-- Test.LoginAdminTest -->
      <class name="UserTestScripts.UserRegistrationTest">
        <test-method is-config="true" signature="BCConfig()[pri:0, instance:UserTestScripts.UserRegistrationTest@3c22fc4c]" started-at="2023-06-28T17:42:47 IST" name="BCConfig" finished-at="2023-06-28T17:42:55 IST" duration-ms="7815" status="PASS">
          <reporter-output>
          </reporter-output>
        </test-method> <!-- BCConfig -->
        <test-method is-config="true" signature="BMConfig()[pri:0, instance:UserTestScripts.UserRegistrationTest@3c22fc4c]" started-at="2023-06-28T17:42:55 IST" name="BMConfig" finished-at="2023-06-28T17:42:55 IST" duration-ms="1" status="PASS">
          <reporter-output>
          </reporter-output>
        </test-method> <!-- BMConfig -->
        <test-method signature="userRegistrationTest()[pri:0, instance:UserTestScripts.UserRegistrationTest@3c22fc4c]" started-at="2023-06-28T17:42:55 IST" name="userRegistrationTest" finished-at="2023-06-28T17:42:58 IST" duration-ms="3478" status="PASS">
          <reporter-output>
          </reporter-output>
        </test-method> <!-- userRegistrationTest -->
        <test-method is-config="true" signature="ACConfig()[pri:0, instance:UserTestScripts.UserRegistrationTest@3c22fc4c]" started-at="2023-06-28T17:42:58 IST" name="ACConfig" finished-at="2023-06-28T17:43:00 IST" duration-ms="1281" status="PASS">
          <reporter-output>
          </reporter-output>
        </test-method> <!-- ACConfig -->
        <test-method is-config="true" signature="AMConfig()[pri:0, instance:UserTestScripts.UserRegistrationTest@3c22fc4c]" started-at="2023-06-28T17:42:58 IST" name="AMConfig" finished-at="2023-06-28T17:42:58 IST" duration-ms="0" status="PASS">
          <reporter-output>
          </reporter-output>
        </test-method> <!-- AMConfig -->
      </class> <!-- UserTestScripts.UserRegistrationTest -->
    </test> <!-- Surefire test -->
  </suite> <!-- Surefire suite -->
</testng-results>
