<?xml version="1.0" encoding="UTF-8"?>
<testng-results ignored="0" total="1" passed="1" failed="0" skipped="0">
  <reporter-output>
  </reporter-output>
  <suite started-at="2023-08-08T22:49:11 IST" name="Default suite" finished-at="2023-08-08T22:49:19 IST" duration-ms="7159">
    <groups>
    </groups>
    <test started-at="2023-08-08T22:49:11 IST" name="Default test" finished-at="2023-08-08T22:49:19 IST" duration-ms="7159">
      <class name="UserTestScripts.UserRegistrationTest">
        <test-method is-config="true" signature="BSConfig()[pri:0, instance:UserTestScripts.UserRegistrationTest@71e9ddb4]" started-at="2023-08-08T22:49:11 IST" name="BSConfig" finished-at="2023-08-08T22:49:11 IST" duration-ms="14" status="PASS">
          <reporter-output>
          </reporter-output>
        </test-method> <!-- BSConfig -->
        <test-method is-config="true" signature="BCConfig()[pri:0, instance:UserTestScripts.UserRegistrationTest@71e9ddb4]" started-at="2023-08-08T22:49:12 IST" name="BCConfig" finished-at="2023-08-08T22:49:15 IST" duration-ms="3384" status="PASS">
          <reporter-output>
          </reporter-output>
        </test-method> <!-- BCConfig -->
        <test-method is-config="true" signature="BMConfig()[pri:0, instance:UserTestScripts.UserRegistrationTest@71e9ddb4]" started-at="2023-08-08T22:49:15 IST" name="BMConfig" finished-at="2023-08-08T22:49:15 IST" duration-ms="1" status="PASS">
          <reporter-output>
          </reporter-output>
        </test-method> <!-- BMConfig -->
        <test-method signature="userRegistrationTest()[pri:0, instance:UserTestScripts.UserRegistrationTest@71e9ddb4]" started-at="2023-08-08T22:49:15 IST" name="userRegistrationTest" finished-at="2023-08-08T22:49:18 IST" duration-ms="3203" status="PASS">
          <reporter-output>
          </reporter-output>
        </test-method> <!-- userRegistrationTest -->
        <test-method is-config="true" signature="AMConfig()[pri:0, instance:UserTestScripts.UserRegistrationTest@71e9ddb4]" started-at="2023-08-08T22:49:18 IST" name="AMConfig" finished-at="2023-08-08T22:49:18 IST" duration-ms="0" status="PASS">
          <reporter-output>
          </reporter-output>
        </test-method> <!-- AMConfig -->
        <test-method is-config="true" signature="ACConfig()[pri:0, instance:UserTestScripts.UserRegistrationTest@71e9ddb4]" started-at="2023-08-08T22:49:18 IST" name="ACConfig" finished-at="2023-08-08T22:49:19 IST" duration-ms="217" status="PASS">
          <reporter-output>
          </reporter-output>
        </test-method> <!-- ACConfig -->
        <test-method is-config="true" signature="ASConfig()[pri:0, instance:UserTestScripts.UserRegistrationTest@71e9ddb4]" started-at="2023-08-08T22:49:19 IST" name="ASConfig" finished-at="2023-08-08T22:49:19 IST" duration-ms="1" status="PASS">
          <reporter-output>
          </reporter-output>
        </test-method> <!-- ASConfig -->
      </class> <!-- UserTestScripts.UserRegistrationTest -->
    </test> <!-- Default test -->
  </suite> <!-- Default suite -->
</testng-results>
